<?xml version="1.0" encoding="UTF-8"?>
<testsuite xmlns:xsi="http://www.w3.org/2001/XMLSchema-instance" xsi:schemaLocation="https://maven.apache.org/surefire/maven-surefire-plugin/xsd/surefire-test-report.xsd" name="test.java.InmueblesTest" time="0.1" tests="1" errors="1" skipped="0" failures="0">
  <properties>
[...]
</properties>
  <testcase name="test.java.InmueblesTest" classname="test.java.InmueblesTest" time="0.1">
    <error message="Index: 0, Size: 0" type="java.lang.IndexOutOfBoundsException">java.lang.IndexOutOfBoundsException: Index: 0, Size: 0
	at test.java.InmueblesTest.setUp(InmueblesTest.java:150)
</error>
    <system-out><![CDATA[Hibernate: select comunidade0_.id as id1_3_0_, comunidade0_.comunidad as comunida2_3_0_, comunidade0_.slug as slug3_3_0_ from comunidades comunidade0_ where comunidade0_.id=?
Hibernate: select provincias0_.comunidad_id as comunida5_7_0_, provincias0_.id as id1_7_0_, provincias0_.id as id1_7_1_, provincias0_.capital_id as capital_4_7_1_, provincias0_.comunidad_id as comunida5_7_1_, provincias0_.provincia as provinci2_7_1_, provincias0_.slug as slug3_7_1_, municipios1_.id as id1_6_2_, municipios1_.latitud as latitud2_6_2_, municipios1_.longitud as longitud3_6_2_, municipios1_.municipio as municipi4_6_2_, municipios1_.id_provincia as id_provi6_6_2_, municipios1_.slug as slug5_6_2_, provincias2_.id as id1_7_3_, provincias2_.capital_id as capital_4_7_3_, provincias2_.comunidad_id as comunida5_7_3_, provincias2_.provincia as provinci2_7_3_, provincias2_.slug as slug3_7_3_ from provincias provincias0_ left outer join municipios municipios1_ on provincias0_.capital_id=municipios1_.id left outer join provincias provincias2_ on municipios1_.id_provincia=provincias2_.id where provincias0_.comunidad_id=?
Hibernate: select municipios0_.id as id1_6_0_, municipios0_.latitud as latitud2_6_0_, municipios0_.longitud as longitud3_6_0_, municipios0_.municipio as municipi4_6_0_, municipios0_.id_provincia as id_provi6_6_0_, municipios0_.slug as slug5_6_0_, provincias1_.id as id1_7_1_, provincias1_.capital_id as capital_4_7_1_, provincias1_.comunidad_id as comunida5_7_1_, provincias1_.provincia as provinci2_7_1_, provincias1_.slug as slug3_7_1_, municipios2_.id as id1_6_2_, municipios2_.latitud as latitud2_6_2_, municipios2_.longitud as longitud3_6_2_, municipios2_.municipio as municipi4_6_2_, municipios2_.id_provincia as id_provi6_6_2_, municipios2_.slug as slug5_6_2_, comunidade3_.id as id1_3_3_, comunidade3_.comunidad as comunida2_3_3_, comunidade3_.slug as slug3_3_3_ from municipios municipios0_ left outer join provincias provincias1_ on municipios0_.id_provincia=provincias1_.id left outer join municipios municipios2_ on provincias1_.capital_id=municipios2_.id left outer join comunidades comunidade3_ on provincias1_.comunidad_id=comunidade3_.id where municipios0_.id=?
Hibernate: select provincias0_.id as id1_7_0_, provincias0_.capital_id as capital_4_7_0_, provincias0_.comunidad_id as comunida5_7_0_, provincias0_.provincia as provinci2_7_0_, provincias0_.slug as slug3_7_0_, municipios1_.id as id1_6_1_, municipios1_.latitud as latitud2_6_1_, municipios1_.longitud as longitud3_6_1_, municipios1_.municipio as municipi4_6_1_, municipios1_.id_provincia as id_provi6_6_1_, municipios1_.slug as slug5_6_1_, provincias2_.id as id1_7_2_, provincias2_.capital_id as capital_4_7_2_, provincias2_.comunidad_id as comunida5_7_2_, provincias2_.provincia as provinci2_7_2_, provincias2_.slug as slug3_7_2_, comunidade3_.id as id1_3_3_, comunidade3_.comunidad as comunida2_3_3_, comunidade3_.slug as slug3_3_3_ from provincias provincias0_ left outer join municipios municipios1_ on provincias0_.capital_id=municipios1_.id left outer join provincias provincias2_ on municipios1_.id_provincia=provincias2_.id left outer join comunidades comunidade3_ on provincias0_.comunidad_id=comunidade3_.id where provincias0_.id=?
Hibernate: select municipios0_.id as id1_6_0_, municipios0_.latitud as latitud2_6_0_, municipios0_.longitud as longitud3_6_0_, municipios0_.municipio as municipi4_6_0_, municipios0_.id_provincia as id_provi6_6_0_, municipios0_.slug as slug5_6_0_, provincias1_.id as id1_7_1_, provincias1_.capital_id as capital_4_7_1_, provincias1_.comunidad_id as comunida5_7_1_, provincias1_.provincia as provinci2_7_1_, provincias1_.slug as slug3_7_1_, municipios2_.id as id1_6_2_, municipios2_.latitud as latitud2_6_2_, municipios2_.longitud as longitud3_6_2_, municipios2_.municipio as municipi4_6_2_, municipios2_.id_provincia as id_provi6_6_2_, municipios2_.slug as slug5_6_2_, comunidade3_.id as id1_3_3_, comunidade3_.comunidad as comunida2_3_3_, comunidade3_.slug as slug3_3_3_ from municipios municipios0_ left outer join provincias provincias1_ on municipios0_.id_provincia=provincias1_.id left outer join municipios municipios2_ on provincias1_.capital_id=municipios2_.id left outer join comunidades comunidade3_ on provincias1_.comunidad_id=comunidade3_.id where municipios0_.id=?
Hibernate: select provincias0_.id as id1_7_0_, provincias0_.capital_id as capital_4_7_0_, provincias0_.comunidad_id as comunida5_7_0_, provincias0_.provincia as provinci2_7_0_, provincias0_.slug as slug3_7_0_, municipios1_.id as id1_6_1_, municipios1_.latitud as latitud2_6_1_, municipios1_.longitud as longitud3_6_1_, municipios1_.municipio as municipi4_6_1_, municipios1_.id_provincia as id_provi6_6_1_, municipios1_.slug as slug5_6_1_, provincias2_.id as id1_7_2_, provincias2_.capital_id as capital_4_7_2_, provincias2_.comunidad_id as comunida5_7_2_, provincias2_.provincia as provinci2_7_2_, provincias2_.slug as slug3_7_2_, comunidade3_.id as id1_3_3_, comunidade3_.comunidad as comunida2_3_3_, comunidade3_.slug as slug3_3_3_ from provincias provincias0_ left outer join municipios municipios1_ on provincias0_.capital_id=municipios1_.id left outer join provincias provincias2_ on municipios1_.id_provincia=provincias2_.id left outer join comunidades comunidade3_ on provincias0_.comunidad_id=comunidade3_.id where provincias0_.id=?
Hibernate: select municipios0_.id as id1_6_0_, municipios0_.latitud as latitud2_6_0_, municipios0_.longitud as longitud3_6_0_, municipios0_.municipio as municipi4_6_0_, municipios0_.id_provincia as id_provi6_6_0_, municipios0_.slug as slug5_6_0_, provincias1_.id as id1_7_1_, provincias1_.capital_id as capital_4_7_1_, provincias1_.comunidad_id as comunida5_7_1_, provincias1_.provincia as provinci2_7_1_, provincias1_.slug as slug3_7_1_, municipios2_.id as id1_6_2_, municipios2_.latitud as latitud2_6_2_, municipios2_.longitud as longitud3_6_2_, municipios2_.municipio as municipi4_6_2_, municipios2_.id_provincia as id_provi6_6_2_, municipios2_.slug as slug5_6_2_, comunidade3_.id as id1_3_3_, comunidade3_.comunidad as comunida2_3_3_, comunidade3_.slug as slug3_3_3_ from municipios municipios0_ left outer join provincias provincias1_ on municipios0_.id_provincia=provincias1_.id left outer join municipios municipios2_ on provincias1_.capital_id=municipios2_.id left outer join comunidades comunidade3_ on provincias1_.comunidad_id=comunidade3_.id where municipios0_.id=?
Hibernate: select provincias0_.id as id1_7_0_, provincias0_.capital_id as capital_4_7_0_, provincias0_.comunidad_id as comunida5_7_0_, provincias0_.provincia as provinci2_7_0_, provincias0_.slug as slug3_7_0_, municipios1_.id as id1_6_1_, municipios1_.latitud as latitud2_6_1_, municipios1_.longitud as longitud3_6_1_, municipios1_.municipio as municipi4_6_1_, municipios1_.id_provincia as id_provi6_6_1_, municipios1_.slug as slug5_6_1_, provincias2_.id as id1_7_2_, provincias2_.capital_id as capital_4_7_2_, provincias2_.comunidad_id as comunida5_7_2_, provincias2_.provincia as provinci2_7_2_, provincias2_.slug as slug3_7_2_, comunidade3_.id as id1_3_3_, comunidade3_.comunidad as comunida2_3_3_, comunidade3_.slug as slug3_3_3_ from provincias provincias0_ left outer join municipios municipios1_ on provincias0_.capital_id=municipios1_.id left outer join provincias provincias2_ on municipios1_.id_provincia=provincias2_.id left outer join comunidades comunidade3_ on provincias0_.comunidad_id=comunidade3_.id where provincias0_.id=?
Hibernate: select comunidade0_.id as id1_3_0_, comunidade0_.comunidad as comunida2_3_0_, comunidade0_.slug as slug3_3_0_ from comunidades comunidade0_ where comunidade0_.id=?
Hibernate: select comunidade0_.id as id1_3_0_, comunidade0_.comunidad as comunida2_3_0_, comunidade0_.slug as slug3_3_0_ from comunidades comunidade0_ where comunidade0_.id=?
Hibernate: select municipios0_.id as id1_6_0_, municipios0_.latitud as latitud2_6_0_, municipios0_.longitud as longitud3_6_0_, municipios0_.municipio as municipi4_6_0_, municipios0_.id_provincia as id_provi6_6_0_, municipios0_.slug as slug5_6_0_, provincias1_.id as id1_7_1_, provincias1_.capital_id as capital_4_7_1_, provincias1_.comunidad_id as comunida5_7_1_, provincias1_.provincia as provinci2_7_1_, provincias1_.slug as slug3_7_1_, municipios2_.id as id1_6_2_, municipios2_.latitud as latitud2_6_2_, municipios2_.longitud as longitud3_6_2_, municipios2_.municipio as municipi4_6_2_, municipios2_.id_provincia as id_provi6_6_2_, municipios2_.slug as slug5_6_2_, comunidade3_.id as id1_3_3_, comunidade3_.comunidad as comunida2_3_3_, comunidade3_.slug as slug3_3_3_ from municipios municipios0_ left outer join provincias provincias1_ on municipios0_.id_provincia=provincias1_.id left outer join municipios municipios2_ on provincias1_.capital_id=municipios2_.id left outer join comunidades comunidade3_ on provincias1_.comunidad_id=comunidade3_.id where municipios0_.id=?
Hibernate: select provincias0_.id as id1_7_0_, provincias0_.capital_id as capital_4_7_0_, provincias0_.comunidad_id as comunida5_7_0_, provincias0_.provincia as provinci2_7_0_, provincias0_.slug as slug3_7_0_, municipios1_.id as id1_6_1_, municipios1_.latitud as latitud2_6_1_, municipios1_.longitud as longitud3_6_1_, municipios1_.municipio as municipi4_6_1_, municipios1_.id_provincia as id_provi6_6_1_, municipios1_.slug as slug5_6_1_, provincias2_.id as id1_7_2_, provincias2_.capital_id as capital_4_7_2_, provincias2_.comunidad_id as comunida5_7_2_, provincias2_.provincia as provinci2_7_2_, provincias2_.slug as slug3_7_2_, comunidade3_.id as id1_3_3_, comunidade3_.comunidad as comunida2_3_3_, comunidade3_.slug as slug3_3_3_ from provincias provincias0_ left outer join municipios municipios1_ on provincias0_.capital_id=municipios1_.id left outer join provincias provincias2_ on municipios1_.id_provincia=provincias2_.id left outer join comunidades comunidade3_ on provincias0_.comunidad_id=comunidade3_.id where provincias0_.id=?
Hibernate: select municipios0_.id as id1_6_0_, municipios0_.latitud as latitud2_6_0_, municipios0_.longitud as longitud3_6_0_, municipios0_.municipio as municipi4_6_0_, municipios0_.id_provincia as id_provi6_6_0_, municipios0_.slug as slug5_6_0_, provincias1_.id as id1_7_1_, provincias1_.capital_id as capital_4_7_1_, provincias1_.comunidad_id as comunida5_7_1_, provincias1_.provincia as provinci2_7_1_, provincias1_.slug as slug3_7_1_, municipios2_.id as id1_6_2_, municipios2_.latitud as latitud2_6_2_, municipios2_.longitud as longitud3_6_2_, municipios2_.municipio as municipi4_6_2_, municipios2_.id_provincia as id_provi6_6_2_, municipios2_.slug as slug5_6_2_, comunidade3_.id as id1_3_3_, comunidade3_.comunidad as comunida2_3_3_, comunidade3_.slug as slug3_3_3_ from municipios municipios0_ left outer join provincias provincias1_ on municipios0_.id_provincia=provincias1_.id left outer join municipios municipios2_ on provincias1_.capital_id=municipios2_.id left outer join comunidades comunidade3_ on provincias1_.comunidad_id=comunidade3_.id where municipios0_.id=?
Hibernate: select comunidade0_.id as id1_3_0_, comunidade0_.comunidad as comunida2_3_0_, comunidade0_.slug as slug3_3_0_ from comunidades comunidade0_ where comunidade0_.id=?
Hibernate: select municipios0_.id as id1_6_0_, municipios0_.latitud as latitud2_6_0_, municipios0_.longitud as longitud3_6_0_, municipios0_.municipio as municipi4_6_0_, municipios0_.id_provincia as id_provi6_6_0_, municipios0_.slug as slug5_6_0_, provincias1_.id as id1_7_1_, provincias1_.capital_id as capital_4_7_1_, provincias1_.comunidad_id as comunida5_7_1_, provincias1_.provincia as provinci2_7_1_, provincias1_.slug as slug3_7_1_, municipios2_.id as id1_6_2_, municipios2_.latitud as latitud2_6_2_, municipios2_.longitud as longitud3_6_2_, municipios2_.municipio as municipi4_6_2_, municipios2_.id_provincia as id_provi6_6_2_, municipios2_.slug as slug5_6_2_, comunidade3_.id as id1_3_3_, comunidade3_.comunidad as comunida2_3_3_, comunidade3_.slug as slug3_3_3_ from municipios municipios0_ left outer join provincias provincias1_ on municipios0_.id_provincia=provincias1_.id left outer join municipios municipios2_ on provincias1_.capital_id=municipios2_.id left outer join comunidades comunidade3_ on provincias1_.comunidad_id=comunidade3_.id where municipios0_.id=?
Hibernate: select municipios0_.id as id1_6_0_, municipios0_.latitud as latitud2_6_0_, municipios0_.longitud as longitud3_6_0_, municipios0_.municipio as municipi4_6_0_, municipios0_.id_provincia as id_provi6_6_0_, municipios0_.slug as slug5_6_0_, provincias1_.id as id1_7_1_, provincias1_.capital_id as capital_4_7_1_, provincias1_.comunidad_id as comunida5_7_1_, provincias1_.provincia as provinci2_7_1_, provincias1_.slug as slug3_7_1_, municipios2_.id as id1_6_2_, municipios2_.latitud as latitud2_6_2_, municipios2_.longitud as longitud3_6_2_, municipios2_.municipio as municipi4_6_2_, municipios2_.id_provincia as id_provi6_6_2_, municipios2_.slug as slug5_6_2_, comunidade3_.id as id1_3_3_, comunidade3_.comunidad as comunida2_3_3_, comunidade3_.slug as slug3_3_3_ from municipios municipios0_ left outer join provincias provincias1_ on municipios0_.id_provincia=provincias1_.id left outer join municipios municipios2_ on provincias1_.capital_id=municipios2_.id left outer join comunidades comunidade3_ on provincias1_.comunidad_id=comunidade3_.id where municipios0_.id=?
Hibernate: select provincias0_.id as id1_7_0_, provincias0_.capital_id as capital_4_7_0_, provincias0_.comunidad_id as comunida5_7_0_, provincias0_.provincia as provinci2_7_0_, provincias0_.slug as slug3_7_0_, municipios1_.id as id1_6_1_, municipios1_.latitud as latitud2_6_1_, municipios1_.longitud as longitud3_6_1_, municipios1_.municipio as municipi4_6_1_, municipios1_.id_provincia as id_provi6_6_1_, municipios1_.slug as slug5_6_1_, provincias2_.id as id1_7_2_, provincias2_.capital_id as capital_4_7_2_, provincias2_.comunidad_id as comunida5_7_2_, provincias2_.provincia as provinci2_7_2_, provincias2_.slug as slug3_7_2_, comunidade3_.id as id1_3_3_, comunidade3_.comunidad as comunida2_3_3_, comunidade3_.slug as slug3_3_3_ from provincias provincias0_ left outer join municipios municipios1_ on provincias0_.capital_id=municipios1_.id left outer join provincias provincias2_ on municipios1_.id_provincia=provincias2_.id left outer join comunidades comunidade3_ on provincias0_.comunidad_id=comunidade3_.id where provincias0_.id=?
Hibernate: select municipios0_.id as id1_6_0_, municipios0_.latitud as latitud2_6_0_, municipios0_.longitud as longitud3_6_0_, municipios0_.municipio as municipi4_6_0_, municipios0_.id_provincia as id_provi6_6_0_, municipios0_.slug as slug5_6_0_, provincias1_.id as id1_7_1_, provincias1_.capital_id as capital_4_7_1_, provincias1_.comunidad_id as comunida5_7_1_, provincias1_.provincia as provinci2_7_1_, provincias1_.slug as slug3_7_1_, municipios2_.id as id1_6_2_, municipios2_.latitud as latitud2_6_2_, municipios2_.longitud as longitud3_6_2_, municipios2_.municipio as municipi4_6_2_, municipios2_.id_provincia as id_provi6_6_2_, municipios2_.slug as slug5_6_2_, comunidade3_.id as id1_3_3_, comunidade3_.comunidad as comunida2_3_3_, comunidade3_.slug as slug3_3_3_ from municipios municipios0_ left outer join provincias provincias1_ on municipios0_.id_provincia=provincias1_.id left outer join municipios municipios2_ on provincias1_.capital_id=municipios2_.id left outer join comunidades comunidade3_ on provincias1_.comunidad_id=comunidade3_.id where municipios0_.id=?
Hibernate: select provincias0_.id as id1_7_0_, provincias0_.capital_id as capital_4_7_0_, provincias0_.comunidad_id as comunida5_7_0_, provincias0_.provincia as provinci2_7_0_, provincias0_.slug as slug3_7_0_, municipios1_.id as id1_6_1_, municipios1_.latitud as latitud2_6_1_, municipios1_.longitud as longitud3_6_1_, municipios1_.municipio as municipi4_6_1_, municipios1_.id_provincia as id_provi6_6_1_, municipios1_.slug as slug5_6_1_, provincias2_.id as id1_7_2_, provincias2_.capital_id as capital_4_7_2_, provincias2_.comunidad_id as comunida5_7_2_, provincias2_.provincia as provinci2_7_2_, provincias2_.slug as slug3_7_2_, comunidade3_.id as id1_3_3_, comunidade3_.comunidad as comunida2_3_3_, comunidade3_.slug as slug3_3_3_ from provincias provincias0_ left outer join municipios municipios1_ on provincias0_.capital_id=municipios1_.id left outer join provincias provincias2_ on municipios1_.id_provincia=provincias2_.id left outer join comunidades comunidade3_ on provincias0_.comunidad_id=comunidade3_.id where provincias0_.id=?
Hibernate: select municipios0_.id as id1_6_0_, municipios0_.latitud as latitud2_6_0_, municipios0_.longitud as longitud3_6_0_, municipios0_.municipio as municipi4_6_0_, municipios0_.id_provincia as id_provi6_6_0_, municipios0_.slug as slug5_6_0_, provincias1_.id as id1_7_1_, provincias1_.capital_id as capital_4_7_1_, provincias1_.comunidad_id as comunida5_7_1_, provincias1_.provincia as provinci2_7_1_, provincias1_.slug as slug3_7_1_, municipios2_.id as id1_6_2_, municipios2_.latitud as latitud2_6_2_, municipios2_.longitud as longitud3_6_2_, municipios2_.municipio as municipi4_6_2_, municipios2_.id_provincia as id_provi6_6_2_, municipios2_.slug as slug5_6_2_, comunidade3_.id as id1_3_3_, comunidade3_.comunidad as comunida2_3_3_, comunidade3_.slug as slug3_3_3_ from municipios municipios0_ left outer join provincias provincias1_ on municipios0_.id_provincia=provincias1_.id left outer join municipios municipios2_ on provincias1_.capital_id=municipios2_.id left outer join comunidades comunidade3_ on provincias1_.comunidad_id=comunidade3_.id where municipios0_.id=?
Hibernate: select comunidade0_.id as id1_3_0_, comunidade0_.comunidad as comunida2_3_0_, comunidade0_.slug as slug3_3_0_ from comunidades comunidade0_ where comunidade0_.id=?
Hibernate: select municipios0_.id as id1_6_0_, municipios0_.latitud as latitud2_6_0_, municipios0_.longitud as longitud3_6_0_, municipios0_.municipio as municipi4_6_0_, municipios0_.id_provincia as id_provi6_6_0_, municipios0_.slug as slug5_6_0_, provincias1_.id as id1_7_1_, provincias1_.capital_id as capital_4_7_1_, provincias1_.comunidad_id as comunida5_7_1_, provincias1_.provincia as provinci2_7_1_, provincias1_.slug as slug3_7_1_, municipios2_.id as id1_6_2_, municipios2_.latitud as latitud2_6_2_, municipios2_.longitud as longitud3_6_2_, municipios2_.municipio as municipi4_6_2_, municipios2_.id_provincia as id_provi6_6_2_, municipios2_.slug as slug5_6_2_, comunidade3_.id as id1_3_3_, comunidade3_.comunidad as comunida2_3_3_, comunidade3_.slug as slug3_3_3_ from municipios municipios0_ left outer join provincias provincias1_ on municipios0_.id_provincia=provincias1_.id left outer join municipios municipios2_ on provincias1_.capital_id=municipios2_.id left outer join comunidades comunidade3_ on provincias1_.comunidad_id=comunidade3_.id where municipios0_.id=?
Hibernate: select municipios0_.id as id1_6_0_, municipios0_.latitud as latitud2_6_0_, municipios0_.longitud as longitud3_6_0_, municipios0_.municipio as municipi4_6_0_, municipios0_.id_provincia as id_provi6_6_0_, municipios0_.slug as slug5_6_0_, provincias1_.id as id1_7_1_, provincias1_.capital_id as capital_4_7_1_, provincias1_.comunidad_id as comunida5_7_1_, provincias1_.provincia as provinci2_7_1_, provincias1_.slug as slug3_7_1_, municipios2_.id as id1_6_2_, municipios2_.latitud as latitud2_6_2_, municipios2_.longitud as longitud3_6_2_, municipios2_.municipio as municipi4_6_2_, municipios2_.id_provincia as id_provi6_6_2_, municipios2_.slug as slug5_6_2_, comunidade3_.id as id1_3_3_, comunidade3_.comunidad as comunida2_3_3_, comunidade3_.slug as slug3_3_3_ from municipios municipios0_ left outer join provincias provincias1_ on municipios0_.id_provincia=provincias1_.id left outer join municipios municipios2_ on provincias1_.capital_id=municipios2_.id left outer join comunidades comunidade3_ on provincias1_.comunidad_id=comunidade3_.id where municipios0_.id=?
Hibernate: select provincias0_.id as id1_7_0_, provincias0_.capital_id as capital_4_7_0_, provincias0_.comunidad_id as comunida5_7_0_, provincias0_.provincia as provinci2_7_0_, provincias0_.slug as slug3_7_0_, municipios1_.id as id1_6_1_, municipios1_.latitud as latitud2_6_1_, municipios1_.longitud as longitud3_6_1_, municipios1_.municipio as municipi4_6_1_, municipios1_.id_provincia as id_provi6_6_1_, municipios1_.slug as slug5_6_1_, provincias2_.id as id1_7_2_, provincias2_.capital_id as capital_4_7_2_, provincias2_.comunidad_id as comunida5_7_2_, provincias2_.provincia as provinci2_7_2_, provincias2_.slug as slug3_7_2_, comunidade3_.id as id1_3_3_, comunidade3_.comunidad as comunida2_3_3_, comunidade3_.slug as slug3_3_3_ from provincias provincias0_ left outer join municipios municipios1_ on provincias0_.capital_id=municipios1_.id left outer join provincias provincias2_ on municipios1_.id_provincia=provincias2_.id left outer join comunidades comunidade3_ on provincias0_.comunidad_id=comunidade3_.id where provincias0_.id=?
Hibernate: select municipios0_.id as id1_6_0_, municipios0_.latitud as latitud2_6_0_, municipios0_.longitud as longitud3_6_0_, municipios0_.municipio as municipi4_6_0_, municipios0_.id_provincia as id_provi6_6_0_, municipios0_.slug as slug5_6_0_, provincias1_.id as id1_7_1_, provincias1_.capital_id as capital_4_7_1_, provincias1_.comunidad_id as comunida5_7_1_, provincias1_.provincia as provinci2_7_1_, provincias1_.slug as slug3_7_1_, municipios2_.id as id1_6_2_, municipios2_.latitud as latitud2_6_2_, municipios2_.longitud as longitud3_6_2_, municipios2_.municipio as municipi4_6_2_, municipios2_.id_provincia as id_provi6_6_2_, municipios2_.slug as slug5_6_2_, comunidade3_.id as id1_3_3_, comunidade3_.comunidad as comunida2_3_3_, comunidade3_.slug as slug3_3_3_ from municipios municipios0_ left outer join provincias provincias1_ on municipios0_.id_provincia=provincias1_.id left outer join municipios municipios2_ on provincias1_.capital_id=municipios2_.id left outer join comunidades comunidade3_ on provincias1_.comunidad_id=comunidade3_.id where municipios0_.id=?
Hibernate: select provincias0_.id as id1_7_0_, provincias0_.capital_id as capital_4_7_0_, provincias0_.comunidad_id as comunida5_7_0_, provincias0_.provincia as provinci2_7_0_, provincias0_.slug as slug3_7_0_, municipios1_.id as id1_6_1_, municipios1_.latitud as latitud2_6_1_, municipios1_.longitud as longitud3_6_1_, municipios1_.municipio as municipi4_6_1_, municipios1_.id_provincia as id_provi6_6_1_, municipios1_.slug as slug5_6_1_, provincias2_.id as id1_7_2_, provincias2_.capital_id as capital_4_7_2_, provincias2_.comunidad_id as comunida5_7_2_, provincias2_.provincia as provinci2_7_2_, provincias2_.slug as slug3_7_2_, comunidade3_.id as id1_3_3_, comunidade3_.comunidad as comunida2_3_3_, comunidade3_.slug as slug3_3_3_ from provincias provincias0_ left outer join municipios municipios1_ on provincias0_.capital_id=municipios1_.id left outer join provincias provincias2_ on municipios1_.id_provincia=provincias2_.id left outer join comunidades comunidade3_ on provincias0_.comunidad_id=comunidade3_.id where provincias0_.id=?
Hibernate: select municipios0_.id as id1_6_0_, municipios0_.latitud as latitud2_6_0_, municipios0_.longitud as longitud3_6_0_, municipios0_.municipio as municipi4_6_0_, municipios0_.id_provincia as id_provi6_6_0_, municipios0_.slug as slug5_6_0_, provincias1_.id as id1_7_1_, provincias1_.capital_id as capital_4_7_1_, provincias1_.comunidad_id as comunida5_7_1_, provincias1_.provincia as provinci2_7_1_, provincias1_.slug as slug3_7_1_, municipios2_.id as id1_6_2_, municipios2_.latitud as latitud2_6_2_, municipios2_.longitud as longitud3_6_2_, municipios2_.municipio as municipi4_6_2_, municipios2_.id_provincia as id_provi6_6_2_, municipios2_.slug as slug5_6_2_, comunidade3_.id as id1_3_3_, comunidade3_.comunidad as comunida2_3_3_, comunidade3_.slug as slug3_3_3_ from municipios municipios0_ left outer join provincias provincias1_ on municipios0_.id_provincia=provincias1_.id left outer join municipios municipios2_ on provincias1_.capital_id=municipios2_.id left outer join comunidades comunidade3_ on provincias1_.comunidad_id=comunidade3_.id where municipios0_.id=?
Hibernate: select provincias0_.id as id1_7_0_, provincias0_.capital_id as capital_4_7_0_, provincias0_.comunidad_id as comunida5_7_0_, provincias0_.provincia as provinci2_7_0_, provincias0_.slug as slug3_7_0_, municipios1_.id as id1_6_1_, municipios1_.latitud as latitud2_6_1_, municipios1_.longitud as longitud3_6_1_, municipios1_.municipio as municipi4_6_1_, municipios1_.id_provincia as id_provi6_6_1_, municipios1_.slug as slug5_6_1_, provincias2_.id as id1_7_2_, provincias2_.capital_id as capital_4_7_2_, provincias2_.comunidad_id as comunida5_7_2_, provincias2_.provincia as provinci2_7_2_, provincias2_.slug as slug3_7_2_, comunidade3_.id as id1_3_3_, comunidade3_.comunidad as comunida2_3_3_, comunidade3_.slug as slug3_3_3_ from provincias provincias0_ left outer join municipios municipios1_ on provincias0_.capital_id=municipios1_.id left outer join provincias provincias2_ on municipios1_.id_provincia=provincias2_.id left outer join comunidades comunidade3_ on provincias0_.comunidad_id=comunidade3_.id where provincias0_.id=?
Hibernate: select municipios0_.id as id1_6_0_, municipios0_.latitud as latitud2_6_0_, municipios0_.longitud as longitud3_6_0_, municipios0_.municipio as municipi4_6_0_, municipios0_.id_provincia as id_provi6_6_0_, municipios0_.slug as slug5_6_0_, provincias1_.id as id1_7_1_, provincias1_.capital_id as capital_4_7_1_, provincias1_.comunidad_id as comunida5_7_1_, provincias1_.provincia as provinci2_7_1_, provincias1_.slug as slug3_7_1_, municipios2_.id as id1_6_2_, municipios2_.latitud as latitud2_6_2_, municipios2_.longitud as longitud3_6_2_, municipios2_.municipio as municipi4_6_2_, municipios2_.id_provincia as id_provi6_6_2_, municipios2_.slug as slug5_6_2_, comunidade3_.id as id1_3_3_, comunidade3_.comunidad as comunida2_3_3_, comunidade3_.slug as slug3_3_3_ from municipios municipios0_ left outer join provincias provincias1_ on municipios0_.id_provincia=provincias1_.id left outer join municipios municipios2_ on provincias1_.capital_id=municipios2_.id left outer join comunidades comunidade3_ on provincias1_.comunidad_id=comunidade3_.id where municipios0_.id=?
Hibernate: select provincias0_.id as id1_7_0_, provincias0_.capital_id as capital_4_7_0_, provincias0_.comunidad_id as comunida5_7_0_, provincias0_.provincia as provinci2_7_0_, provincias0_.slug as slug3_7_0_, municipios1_.id as id1_6_1_, municipios1_.latitud as latitud2_6_1_, municipios1_.longitud as longitud3_6_1_, municipios1_.municipio as municipi4_6_1_, municipios1_.id_provincia as id_provi6_6_1_, municipios1_.slug as slug5_6_1_, provincias2_.id as id1_7_2_, provincias2_.capital_id as capital_4_7_2_, provincias2_.comunidad_id as comunida5_7_2_, provincias2_.provincia as provinci2_7_2_, provincias2_.slug as slug3_7_2_, comunidade3_.id as id1_3_3_, comunidade3_.comunidad as comunida2_3_3_, comunidade3_.slug as slug3_3_3_ from provincias provincias0_ left outer join municipios municipios1_ on provincias0_.capital_id=municipios1_.id left outer join provincias provincias2_ on municipios1_.id_provincia=provincias2_.id left outer join comunidades comunidade3_ on provincias0_.comunidad_id=comunidade3_.id where provincias0_.id=?
Hibernate: select municipios0_.id as id1_6_0_, municipios0_.latitud as latitud2_6_0_, municipios0_.longitud as longitud3_6_0_, municipios0_.municipio as municipi4_6_0_, municipios0_.id_provincia as id_provi6_6_0_, municipios0_.slug as slug5_6_0_, provincias1_.id as id1_7_1_, provincias1_.capital_id as capital_4_7_1_, provincias1_.comunidad_id as comunida5_7_1_, provincias1_.provincia as provinci2_7_1_, provincias1_.slug as slug3_7_1_, municipios2_.id as id1_6_2_, municipios2_.latitud as latitud2_6_2_, municipios2_.longitud as longitud3_6_2_, municipios2_.municipio as municipi4_6_2_, municipios2_.id_provincia as id_provi6_6_2_, municipios2_.slug as slug5_6_2_, comunidade3_.id as id1_3_3_, comunidade3_.comunidad as comunida2_3_3_, comunidade3_.slug as slug3_3_3_ from municipios municipios0_ left outer join provincias provincias1_ on municipios0_.id_provincia=provincias1_.id left outer join municipios municipios2_ on provincias1_.capital_id=municipios2_.id left outer join comunidades comunidade3_ on provincias1_.comunidad_id=comunidade3_.id where municipios0_.id=?
Hibernate: select provincias0_.id as id1_7_0_, provincias0_.capital_id as capital_4_7_0_, provincias0_.comunidad_id as comunida5_7_0_, provincias0_.provincia as provinci2_7_0_, provincias0_.slug as slug3_7_0_, municipios1_.id as id1_6_1_, municipios1_.latitud as latitud2_6_1_, municipios1_.longitud as longitud3_6_1_, municipios1_.municipio as municipi4_6_1_, municipios1_.id_provincia as id_provi6_6_1_, municipios1_.slug as slug5_6_1_, provincias2_.id as id1_7_2_, provincias2_.capital_id as capital_4_7_2_, provincias2_.comunidad_id as comunida5_7_2_, provincias2_.provincia as provinci2_7_2_, provincias2_.slug as slug3_7_2_, comunidade3_.id as id1_3_3_, comunidade3_.comunidad as comunida2_3_3_, comunidade3_.slug as slug3_3_3_ from provincias provincias0_ left outer join municipios municipios1_ on provincias0_.capital_id=municipios1_.id left outer join provincias provincias2_ on municipios1_.id_provincia=provincias2_.id left outer join comunidades comunidade3_ on provincias0_.comunidad_id=comunidade3_.id where provincias0_.id=?
Hibernate: select municipios0_.id as id1_6_0_, municipios0_.latitud as latitud2_6_0_, municipios0_.longitud as longitud3_6_0_, municipios0_.municipio as municipi4_6_0_, municipios0_.id_provincia as id_provi6_6_0_, municipios0_.slug as slug5_6_0_, provincias1_.id as id1_7_1_, provincias1_.capital_id as capital_4_7_1_, provincias1_.comunidad_id as comunida5_7_1_, provincias1_.provincia as provinci2_7_1_, provincias1_.slug as slug3_7_1_, municipios2_.id as id1_6_2_, municipios2_.latitud as latitud2_6_2_, municipios2_.longitud as longitud3_6_2_, municipios2_.municipio as municipi4_6_2_, municipios2_.id_provincia as id_provi6_6_2_, municipios2_.slug as slug5_6_2_, comunidade3_.id as id1_3_3_, comunidade3_.comunidad as comunida2_3_3_, comunidade3_.slug as slug3_3_3_ from municipios municipios0_ left outer join provincias provincias1_ on municipios0_.id_provincia=provincias1_.id left outer join municipios municipios2_ on provincias1_.capital_id=municipios2_.id left outer join comunidades comunidade3_ on provincias1_.comunidad_id=comunidade3_.id where municipios0_.id=?
Hibernate: select provincias0_.id as id1_7_0_, provincias0_.capital_id as capital_4_7_0_, provincias0_.comunidad_id as comunida5_7_0_, provincias0_.provincia as provinci2_7_0_, provincias0_.slug as slug3_7_0_, municipios1_.id as id1_6_1_, municipios1_.latitud as latitud2_6_1_, municipios1_.longitud as longitud3_6_1_, municipios1_.municipio as municipi4_6_1_, municipios1_.id_provincia as id_provi6_6_1_, municipios1_.slug as slug5_6_1_, provincias2_.id as id1_7_2_, provincias2_.capital_id as capital_4_7_2_, provincias2_.comunidad_id as comunida5_7_2_, provincias2_.provincia as provinci2_7_2_, provincias2_.slug as slug3_7_2_, comunidade3_.id as id1_3_3_, comunidade3_.comunidad as comunida2_3_3_, comunidade3_.slug as slug3_3_3_ from provincias provincias0_ left outer join municipios municipios1_ on provincias0_.capital_id=municipios1_.id left outer join provincias provincias2_ on municipios1_.id_provincia=provincias2_.id left outer join comunidades comunidade3_ on provincias0_.comunidad_id=comunidade3_.id where provincias0_.id=?
Hibernate: select municipios0_.id as id1_6_0_, municipios0_.latitud as latitud2_6_0_, municipios0_.longitud as longitud3_6_0_, municipios0_.municipio as municipi4_6_0_, municipios0_.id_provincia as id_provi6_6_0_, municipios0_.slug as slug5_6_0_, provincias1_.id as id1_7_1_, provincias1_.capital_id as capital_4_7_1_, provincias1_.comunidad_id as comunida5_7_1_, provincias1_.provincia as provinci2_7_1_, provincias1_.slug as slug3_7_1_, municipios2_.id as id1_6_2_, municipios2_.latitud as latitud2_6_2_, municipios2_.longitud as longitud3_6_2_, municipios2_.municipio as municipi4_6_2_, municipios2_.id_provincia as id_provi6_6_2_, municipios2_.slug as slug5_6_2_, comunidade3_.id as id1_3_3_, comunidade3_.comunidad as comunida2_3_3_, comunidade3_.slug as slug3_3_3_ from municipios municipios0_ left outer join provincias provincias1_ on municipios0_.id_provincia=provincias1_.id left outer join municipios municipios2_ on provincias1_.capital_id=municipios2_.id left outer join comunidades comunidade3_ on provincias1_.comunidad_id=comunidade3_.id where municipios0_.id=?
Hibernate: select comunidade0_.id as id1_3_0_, comunidade0_.comunidad as comunida2_3_0_, comunidade0_.slug as slug3_3_0_ from comunidades comunidade0_ where comunidade0_.id=?
Hibernate: select comunidade0_.id as id1_3_0_, comunidade0_.comunidad as comunida2_3_0_, comunidade0_.slug as slug3_3_0_ from comunidades comunidade0_ where comunidade0_.id=?
Hibernate: select municipios0_.id_provincia as id_provi6_6_0_, municipios0_.id as id1_6_0_, municipios0_.id as id1_6_1_, municipios0_.latitud as latitud2_6_1_, municipios0_.longitud as longitud3_6_1_, municipios0_.municipio as municipi4_6_1_, municipios0_.id_provincia as id_provi6_6_1_, municipios0_.slug as slug5_6_1_ from municipios municipios0_ where municipios0_.id_provincia=?
Hibernate: select zonaslist0_.id_municipio as id_munic5_8_0_, zonaslist0_.id as id1_8_0_, zonaslist0_.id as id1_8_1_, zonaslist0_.activa as activa2_8_1_, zonaslist0_.id_municipio as id_munic5_8_1_, zonaslist0_.nombre as nombre3_8_1_, zonaslist0_.nombre_admin as nombre_a4_8_1_ from zonas zonaslist0_ where zonaslist0_.id_municipio=?
]]></system-out>
  </testcase>
</testsuite>