-------------------------------------------------------------------------------
Test set: test.java.LocalizacionTest
-------------------------------------------------------------------------------
Tests run: 2, Failures: 1, Errors: 1, Skipped: 0, Time elapsed: 0.049 sec <<< FAILURE! - in test.java.LocalizacionTest
testZonasKO  Time elapsed: 0.049 sec  <<< FAILURE!
org.opentest4j.AssertionFailedError: Expected org.hibernate.exception.ConstraintViolationException to be thrown, but nothing was thrown.
	at test.java.LocalizacionTest.testZonasKO(LocalizacionTest.java:109)

testZonasOK  Time elapsed: 0 sec  <<< ERROR!
java.lang.IllegalStateException: Session/EntityManager is closed
	at test.java.LocalizacionTest.testZonasOK(LocalizacionTest.java:35)

