<?xml version="1.0" encoding="UTF-8"?>
<testsuite xmlns:xsi="http://www.w3.org/2001/XMLSchema-instance" xsi:schemaLocation="https://maven.apache.org/surefire/maven-surefire-plugin/xsd/surefire-test-report.xsd" name="TareasTest" time="0" tests="1" errors="1" skipped="0" failures="0">
  <properties>
[...]
</properties>
  <testcase name="TareasTest" classname="TareasTest" time="0">
    <error message="could not execute statement" type="org.hibernate.exception.GenericJDBCException">org.hibernate.exception.GenericJDBCException: could not execute statement
	at TareasTest.setUp(TareasTest.java:45)
Caused by: java.sql.SQLException: Field 'id' doesn't have a default value
	at TareasTest.setUp(TareasTest.java:45)
</error>
    <system-out><![CDATA[Hibernate: select agentes0_.id as id1_0_0_, agentes0_.activacion as activaci2_0_0_, agentes0_.apellidos as apellido3_0_0_, agentes0_.codigo_agente as codigo_a4_0_0_, agentes0_.eslogan as eslogan5_0_0_, agentes0_.facebook as facebook6_0_0_, agentes0_.foto as foto7_0_0_, agentes0_.id_cargo as id_carg16_0_0_, agentes0_.instagram as instagra8_0_0_, agentes0_.linkedin as linkedin9_0_0_, agentes0_.mail as mail10_0_0_, agentes0_.nombre as nombre11_0_0_, agentes0_.account_hash as account12_0_0_, agentes0_.permisos as permiso13_0_0_, agentes0_.tlf as tlf14_0_0_, agentes0_.twitter as twitter15_0_0_, cargos1_.id_cargo as id_cargo1_1_1_, cargos1_.nombre as nombre2_1_1_ from agentes agentes0_ inner join cargos cargos1_ on agentes0_.id_cargo=cargos1_.id_cargo where agentes0_.id=?
Hibernate: insert into tareas (id_agente, completada, concepto, descripcion, fecha, fecha_completada) values (?, ?, ?, ?, ?, ?)
]]></system-out>
    <system-err><![CDATA[may 13, 2018 8:22:03 PM org.hibernate.engine.jdbc.spi.SqlExceptionHelper logExceptions
WARN: SQL Error: 1364, SQLState: HY000
may 13, 2018 8:22:03 PM org.hibernate.engine.jdbc.spi.SqlExceptionHelper logExceptions
ERROR: Field 'id' doesn't have a default value
]]></system-err>
  </testcase>
</testsuite>